phonemoji/build/intermediates/manifest_merge_blame_file/debug/manifest-merger-blame-debug-report.txt
1<?xml version="1.0" encoding="utf-8"?>
2<manifest xmlns:android="http://schemas.android.com/apk/res/android"
3    xmlns:tools="http://schemas.android.com/tools"
4    package="com.tfcporciuncula.phonemoji" >
5
6    <uses-sdk android:minSdkVersion="24" />
6-->src\main\AndroidManifest.xml
7
8    <application>
8-->src\main\AndroidManifest.xml:7:3-23:17
9        <provider
9-->src\main\AndroidManifest.xml:9:5-21:16
10            android:name="androidx.startup.InitializationProvider"
10-->src\main\AndroidManifest.xml:10:7-61
11            android:authorities="${applicationId}.androidx-startup"
11-->src\main\AndroidManifest.xml:11:7-62
12            android:exported="false"
12-->src\main\AndroidManifest.xml:12:7-31
13            tools:node="merge" >
13-->src\main\AndroidManifest.xml:13:7-25
14            <meta-data
14-->src\main\AndroidManifest.xml:16:7-19:11
15                android:name="com.tfcporciuncula.phonemoji.internal.PhoneNumberUtilInitializer"
15-->src\main\AndroidManifest.xml:17:9-88
16                android:value="androidx.startup" />
16-->src\main\AndroidManifest.xml:18:9-41
17        </provider>
18    </application>
19
20</manifest>